[debug] ----------------------------------------------------------------------
[debug] Command:      /usr/bin/nodejs /usr/local/bin/firebase deploy
[debug] CLI Version:  3.5.0
[debug] Platform:     linux
[debug] Node Version: v4.2.6
[debug] Time:         Mon Mar 27 2017 10:35:13 GMT+0800 (PHT)
[debug] ----------------------------------------------------------------------
[debug] 
[debug] > command requires scopes: ["email","openid","https://www.googleapis.com/auth/cloudplatformprojects.readonly","https://www.googleapis.com/auth/firebase"]
[debug] > refreshing access token with scopes: ["email","https://www.googleapis.com/auth/cloudplatformprojects.readonly","https://www.googleapis.com/auth/firebase","openid"]
[debug] >>> HTTP REQUEST POST https://www.googleapis.com/oauth2/v3/token { refresh_token: '1/EA4KX5gr3dLs7bNtRoShleVTmkTVw_gKHiD1O8qb_bI',
  client_id: '563584335869-fgrhgmd47bqnekij5i8b5pr03ho849e6.apps.googleusercontent.com',
  client_secret: 'j9iVZfS8kkCEFUPaAeJV0sAi',
  grant_type: 'refresh_token',
  scope: 'email https://www.googleapis.com/auth/cloudplatformprojects.readonly https://www.googleapis.com/auth/firebase openid' } 
 Mon Mar 27 2017 10:35:13 GMT+0800 (PHT)
[debug] <<< HTTP RESPONSE 200
[debug] >>> HTTP REQUEST GET https://admin.firebase.com/v1/projects/gdgph-e4ff3  
 Mon Mar 27 2017 10:35:32 GMT+0800 (PHT)
[debug] <<< HTTP RESPONSE 200
[debug] >>> HTTP REQUEST GET https://admin.firebase.com/v1/database/gdgph-e4ff3/tokens  
 Mon Mar 27 2017 10:35:55 GMT+0800 (PHT)
[debug] <<< HTTP RESPONSE 200
[info] 
[info] === Deploying to 'gdgph-e4ff3'...
[info] 
[info] i  deploying database, hosting
[info] ✔  database: rules ready to deploy.
[info] i  hosting: preparing public directory for upload...
[debug] >>> HTTP REQUEST PUT https://deploy.firebase.com/v1/hosting/gdgph-e4ff3/uploads/-KgCbh799aSTBNmp-J1U?fileCount=1163&message=  
 Mon Mar 27 2017 10:36:13 GMT+0800 (PHT)
[debug] Error: read EINVAL
    at exports._errnoException (util.js:870:11)
    at TLSWrap.onread (net.js:544:26)
[error] 
[error] Error: Server Error. read EINVAL
[debug] ----------------------------------------------------------------------
[debug] Command:      /usr/bin/nodejs /usr/local/bin/firebase serve
[debug] CLI Version:  3.5.0
[debug] Platform:     linux
[debug] Node Version: v4.2.6
[debug] Time:         Wed Mar 29 2017 00:50:49 GMT+0800 (PHT)
[debug] ----------------------------------------------------------------------
[debug] 
[info] Starting Firebase development server...
[info] 
[info] Project Directory: /opt/lampp/htdocs/gdgph.org/main
[info] Public Directory: public
[info] 
[info] Server listening at: http://localhost:5000
